('{', (-1, -1))
('identifier', (15, 0))
(':', (-1, -1))
('int', (-1, -1))
(';', (-1, -1))
('read', (-1, -1))
('(', (-1, -1))
('identifier', (15, 0))
(')', (-1, -1))
(';', (-1, -1))
('array', (-1, -1))
(':', (-1, -1))
('int', (-1, -1))
('[', (-1, -1))
('identifier', (15, 0))
(']', (-1, -1))
(';', (-1, -1))
('identifier', (1, 0))
(':', (-1, -1))
('int', (-1, -1))
('=', (-1, -1))
('constant', (10, 0))
(';', (-1, -1))
('identifier', (4, 0))
(':', (-1, -1))
('int', (-1, -1))
('=', (-1, -1))
('constant', (10, 0))
(';', (-1, -1))
('while', (-1, -1))
('(', (-1, -1))
('identifier', (4, 0))
('<', (-1, -1))
('identifier', (15, 0))
(')', (-1, -1))
('{', (-1, -1))
('read', (-1, -1))
('(', (-1, -1))
('array', (-1, -1))
('[', (-1, -1))
('identifier', (4, 0))
(']', (-1, -1))
(')', (-1, -1))
(';', (-1, -1))
('identifier', (1, 0))
('=', (-1, -1))
('identifier', (1, 0))
('+', (-1, -1))
('array', (-1, -1))
('[', (-1, -1))
('identifier', (4, 0))
(']', (-1, -1))
(';', (-1, -1))
('identifier', (4, 0))
('=', (-1, -1))
('identifier', (4, 0))
('+', (-1, -1))
('constant', (11, 0))
(';', (-1, -1))
('}', (-1, -1))
('write', (-1, -1))
('(', (-1, -1))
('constant', (17, 0))
('+', (-1, -1))
('identifier', (1, 0))
(')', (-1, -1))
(';', (-1, -1))
('}', (-1, -1))
